<?xml version="1.0" encoding="UTF-8"?>
<testsuite xmlns:xsi="http://www.w3.org/2001/XMLSchema-instance" xsi:noNamespaceSchemaLocation="https://maven.apache.org/surefire/maven-surefire-plugin/xsd/surefire-test-report.xsd" name="com.kata.FizzBuzzTest" time="0.031" tests="6" errors="0" skipped="0" failures="0">
  <properties>
[...]
</properties>
  <testcase name="shoud_answer_1_as_string_when_receives_1" classname="com.kata.FizzBuzzTest" time="0.004"/>
  <testcase name="shoud_answer_buzz_when_receives_multiple_of_5" classname="com.kata.FizzBuzzTest" time="0.001"/>
  <testcase name="shoud_answer_fizz_when_receives_multiple_of_3" classname="com.kata.FizzBuzzTest" time="0.001"/>
  <testcase name="shoud_answer_fizzbuzz_when_receives_15" classname="com.kata.FizzBuzzTest" time="0"/>
  <testcase name="shoud_answer_fizz_when_receives_3" classname="com.kata.FizzBuzzTest" time="0"/>
  <testcase name="shoud_answer_buzz_when_receives_5" classname="com.kata.FizzBuzzTest" time="0.001"/>
</testsuite>